ARM GAS  C:\Users\K-Narf\AppData\Local\Temp\ccGZyCAI.s 			page 1


   1              		.syntax unified
   2              		.cpu cortex-m0
   3              		.fpu softvfp
   4              		.eabi_attribute 20, 1
   5              		.eabi_attribute 21, 1
   6              		.eabi_attribute 23, 3
   7              		.eabi_attribute 24, 1
   8              		.eabi_attribute 25, 1
   9              		.eabi_attribute 26, 1
  10              		.eabi_attribute 30, 6
  11              		.eabi_attribute 34, 0
  12              		.eabi_attribute 18, 4
  13              		.thumb
  14              		.syntax unified
  15              		.file	"main.c"
  16              		.text
  17              	.Ltext0:
  18              		.cfi_sections	.debug_frame
  19              		.section	.text.main,"ax",%progbits
  20              		.align	2
  21              		.global	main
  22              		.code	16
  23              		.thumb_func
  24              		.type	main, %function
  25              	main:
  26              	.LFB35:
  27              		.file 1 "main.c"
   1:main.c        **** /* ========================================
   2:main.c        ****  *
   3:main.c        ****  * Copyright YOUR COMPANY, THE YEAR
   4:main.c        ****  * All Rights Reserved
   5:main.c        ****  * UNPUBLISHED, LICENSED SOFTWARE.
   6:main.c        ****  *
   7:main.c        ****  * CONFIDENTIAL AND PROPRIETARY INFORMATION
   8:main.c        ****  * WHICH IS THE PROPERTY OF your company.
   9:main.c        ****  *
  10:main.c        ****  * ========================================
  11:main.c        **** */
  12:main.c        **** #include <project.h>
  13:main.c        **** 
  14:main.c        **** 
  15:main.c        **** int main (void)
  16:main.c        **** {
  28              		.loc 1 16 0
  29              		.cfi_startproc
  30              		@ args = 0, pretend = 0, frame = 0
  31              		@ frame_needed = 1, uses_anonymous_args = 0
  32 0000 80B5     		push	{r7, lr}
  33              		.cfi_def_cfa_offset 8
  34              		.cfi_offset 7, -8
  35              		.cfi_offset 14, -4
  36 0002 00AF     		add	r7, sp, #0
  37              		.cfi_def_cfa_register 7
  38              	.L2:
  17:main.c        ****     /* Place your initialization/startup code here (e.g. MyInst_Start()) */
  18:main.c        **** 
  19:main.c        ****     /* CyGlobalIntEnable; */ /* Uncomment this line to enable global interrupts. */
ARM GAS  C:\Users\K-Narf\AppData\Local\Temp\ccGZyCAI.s 			page 2


  20:main.c        ****     for(;;)
  21:main.c        ****     {
  22:main.c        ****         /* Place your application code here. */
  23:main.c        ****         
  24:main.c        ****         Red_Write(0);
  39              		.loc 1 24 0 discriminator 1
  40 0004 0020     		movs	r0, #0
  41 0006 FFF7FEFF 		bl	Red_Write
  25:main.c        ****         CyDelay(1000);
  42              		.loc 1 25 0 discriminator 1
  43 000a FA23     		movs	r3, #250
  44 000c 9B00     		lsls	r3, r3, #2
  45 000e 1800     		movs	r0, r3
  46 0010 FFF7FEFF 		bl	CyDelay
  26:main.c        ****         Red_Write(1);
  47              		.loc 1 26 0 discriminator 1
  48 0014 0120     		movs	r0, #1
  49 0016 FFF7FEFF 		bl	Red_Write
  27:main.c        ****         Green_Write(0);
  50              		.loc 1 27 0 discriminator 1
  51 001a 0020     		movs	r0, #0
  52 001c FFF7FEFF 		bl	Green_Write
  28:main.c        ****         CyDelay(1000);
  53              		.loc 1 28 0 discriminator 1
  54 0020 FA23     		movs	r3, #250
  55 0022 9B00     		lsls	r3, r3, #2
  56 0024 1800     		movs	r0, r3
  57 0026 FFF7FEFF 		bl	CyDelay
  29:main.c        ****         Green_Write(1);
  58              		.loc 1 29 0 discriminator 1
  59 002a 0120     		movs	r0, #1
  60 002c FFF7FEFF 		bl	Green_Write
  30:main.c        ****         Blue_Write(0);
  61              		.loc 1 30 0 discriminator 1
  62 0030 0020     		movs	r0, #0
  63 0032 FFF7FEFF 		bl	Blue_Write
  31:main.c        ****         CyDelay(1000);
  64              		.loc 1 31 0 discriminator 1
  65 0036 FA23     		movs	r3, #250
  66 0038 9B00     		lsls	r3, r3, #2
  67 003a 1800     		movs	r0, r3
  68 003c FFF7FEFF 		bl	CyDelay
  32:main.c        ****         Green_Write(0);
  69              		.loc 1 32 0 discriminator 1
  70 0040 0020     		movs	r0, #0
  71 0042 FFF7FEFF 		bl	Green_Write
  33:main.c        ****         Blue_Write(0);
  72              		.loc 1 33 0 discriminator 1
  73 0046 0020     		movs	r0, #0
  74 0048 FFF7FEFF 		bl	Blue_Write
  34:main.c        ****         Red_Write(0);
  75              		.loc 1 34 0 discriminator 1
  76 004c 0020     		movs	r0, #0
  77 004e FFF7FEFF 		bl	Red_Write
  35:main.c        ****         CyDelay(1000);
  78              		.loc 1 35 0 discriminator 1
  79 0052 FA23     		movs	r3, #250
ARM GAS  C:\Users\K-Narf\AppData\Local\Temp\ccGZyCAI.s 			page 3


  80 0054 9B00     		lsls	r3, r3, #2
  81 0056 1800     		movs	r0, r3
  82 0058 FFF7FEFF 		bl	CyDelay
  36:main.c        ****         Green_Write(1);
  83              		.loc 1 36 0 discriminator 1
  84 005c 0120     		movs	r0, #1
  85 005e FFF7FEFF 		bl	Green_Write
  37:main.c        ****         Blue_Write(1);
  86              		.loc 1 37 0 discriminator 1
  87 0062 0120     		movs	r0, #1
  88 0064 FFF7FEFF 		bl	Blue_Write
  38:main.c        ****         Red_Write(1);
  89              		.loc 1 38 0 discriminator 1
  90 0068 0120     		movs	r0, #1
  91 006a FFF7FEFF 		bl	Red_Write
  39:main.c        ****     }
  92              		.loc 1 39 0 discriminator 1
  93 006e C9E7     		b	.L2
  94              		.cfi_endproc
  95              	.LFE35:
  96              		.size	main, .-main
  97              		.text
  98              	.Letext0:
  99              		.section	.debug_info,"",%progbits
 100              	.Ldebug_info0:
 101 0000 A0000000 		.4byte	0xa0
 102 0004 0400     		.2byte	0x4
 103 0006 00000000 		.4byte	.Ldebug_abbrev0
 104 000a 04       		.byte	0x4
 105 000b 01       		.uleb128 0x1
 106 000c F7000000 		.4byte	.LASF14
 107 0010 0C       		.byte	0xc
 108 0011 64000000 		.4byte	.LASF15
 109 0015 0E000000 		.4byte	.LASF16
 110 0019 00000000 		.4byte	.Ldebug_ranges0+0
 111 001d 00000000 		.4byte	0
 112 0021 00000000 		.4byte	.Ldebug_line0
 113 0025 02       		.uleb128 0x2
 114 0026 01       		.byte	0x1
 115 0027 06       		.byte	0x6
 116 0028 D5000000 		.4byte	.LASF0
 117 002c 02       		.uleb128 0x2
 118 002d 01       		.byte	0x1
 119 002e 08       		.byte	0x8
 120 002f 9F000000 		.4byte	.LASF1
 121 0033 02       		.uleb128 0x2
 122 0034 02       		.byte	0x2
 123 0035 05       		.byte	0x5
 124 0036 ED000000 		.4byte	.LASF2
 125 003a 02       		.uleb128 0x2
 126 003b 02       		.byte	0x2
 127 003c 07       		.byte	0x7
 128 003d C2000000 		.4byte	.LASF3
 129 0041 02       		.uleb128 0x2
 130 0042 04       		.byte	0x4
 131 0043 05       		.byte	0x5
 132 0044 B2000000 		.4byte	.LASF4
ARM GAS  C:\Users\K-Narf\AppData\Local\Temp\ccGZyCAI.s 			page 4


 133 0048 02       		.uleb128 0x2
 134 0049 04       		.byte	0x4
 135 004a 07       		.byte	0x7
 136 004b 70000000 		.4byte	.LASF5
 137 004f 02       		.uleb128 0x2
 138 0050 08       		.byte	0x8
 139 0051 05       		.byte	0x5
 140 0052 00000000 		.4byte	.LASF6
 141 0056 02       		.uleb128 0x2
 142 0057 08       		.byte	0x8
 143 0058 07       		.byte	0x7
 144 0059 82000000 		.4byte	.LASF7
 145 005d 03       		.uleb128 0x3
 146 005e 04       		.byte	0x4
 147 005f 05       		.byte	0x5
 148 0060 696E7400 		.ascii	"int\000"
 149 0064 02       		.uleb128 0x2
 150 0065 04       		.byte	0x4
 151 0066 07       		.byte	0x7
 152 0067 85010000 		.4byte	.LASF8
 153 006b 02       		.uleb128 0x2
 154 006c 04       		.byte	0x4
 155 006d 04       		.byte	0x4
 156 006e 99000000 		.4byte	.LASF9
 157 0072 02       		.uleb128 0x2
 158 0073 08       		.byte	0x8
 159 0074 04       		.byte	0x4
 160 0075 BB000000 		.4byte	.LASF10
 161 0079 02       		.uleb128 0x2
 162 007a 01       		.byte	0x1
 163 007b 08       		.byte	0x8
 164 007c AD000000 		.4byte	.LASF11
 165 0080 02       		.uleb128 0x2
 166 0081 04       		.byte	0x4
 167 0082 07       		.byte	0x7
 168 0083 92010000 		.4byte	.LASF12
 169 0087 02       		.uleb128 0x2
 170 0088 08       		.byte	0x8
 171 0089 04       		.byte	0x4
 172 008a E1000000 		.4byte	.LASF13
 173 008e 04       		.uleb128 0x4
 174 008f 6B000000 		.4byte	.LASF17
 175 0093 01       		.byte	0x1
 176 0094 0F       		.byte	0xf
 177 0095 5D000000 		.4byte	0x5d
 178 0099 00000000 		.4byte	.LFB35
 179 009d 70000000 		.4byte	.LFE35-.LFB35
 180 00a1 01       		.uleb128 0x1
 181 00a2 9C       		.byte	0x9c
 182 00a3 00       		.byte	0
 183              		.section	.debug_abbrev,"",%progbits
 184              	.Ldebug_abbrev0:
 185 0000 01       		.uleb128 0x1
 186 0001 11       		.uleb128 0x11
 187 0002 01       		.byte	0x1
 188 0003 25       		.uleb128 0x25
 189 0004 0E       		.uleb128 0xe
ARM GAS  C:\Users\K-Narf\AppData\Local\Temp\ccGZyCAI.s 			page 5


 190 0005 13       		.uleb128 0x13
 191 0006 0B       		.uleb128 0xb
 192 0007 03       		.uleb128 0x3
 193 0008 0E       		.uleb128 0xe
 194 0009 1B       		.uleb128 0x1b
 195 000a 0E       		.uleb128 0xe
 196 000b 55       		.uleb128 0x55
 197 000c 17       		.uleb128 0x17
 198 000d 11       		.uleb128 0x11
 199 000e 01       		.uleb128 0x1
 200 000f 10       		.uleb128 0x10
 201 0010 17       		.uleb128 0x17
 202 0011 00       		.byte	0
 203 0012 00       		.byte	0
 204 0013 02       		.uleb128 0x2
 205 0014 24       		.uleb128 0x24
 206 0015 00       		.byte	0
 207 0016 0B       		.uleb128 0xb
 208 0017 0B       		.uleb128 0xb
 209 0018 3E       		.uleb128 0x3e
 210 0019 0B       		.uleb128 0xb
 211 001a 03       		.uleb128 0x3
 212 001b 0E       		.uleb128 0xe
 213 001c 00       		.byte	0
 214 001d 00       		.byte	0
 215 001e 03       		.uleb128 0x3
 216 001f 24       		.uleb128 0x24
 217 0020 00       		.byte	0
 218 0021 0B       		.uleb128 0xb
 219 0022 0B       		.uleb128 0xb
 220 0023 3E       		.uleb128 0x3e
 221 0024 0B       		.uleb128 0xb
 222 0025 03       		.uleb128 0x3
 223 0026 08       		.uleb128 0x8
 224 0027 00       		.byte	0
 225 0028 00       		.byte	0
 226 0029 04       		.uleb128 0x4
 227 002a 2E       		.uleb128 0x2e
 228 002b 00       		.byte	0
 229 002c 3F       		.uleb128 0x3f
 230 002d 19       		.uleb128 0x19
 231 002e 03       		.uleb128 0x3
 232 002f 0E       		.uleb128 0xe
 233 0030 3A       		.uleb128 0x3a
 234 0031 0B       		.uleb128 0xb
 235 0032 3B       		.uleb128 0x3b
 236 0033 0B       		.uleb128 0xb
 237 0034 27       		.uleb128 0x27
 238 0035 19       		.uleb128 0x19
 239 0036 49       		.uleb128 0x49
 240 0037 13       		.uleb128 0x13
 241 0038 11       		.uleb128 0x11
 242 0039 01       		.uleb128 0x1
 243 003a 12       		.uleb128 0x12
 244 003b 06       		.uleb128 0x6
 245 003c 40       		.uleb128 0x40
 246 003d 18       		.uleb128 0x18
ARM GAS  C:\Users\K-Narf\AppData\Local\Temp\ccGZyCAI.s 			page 6


 247 003e 9642     		.uleb128 0x2116
 248 0040 19       		.uleb128 0x19
 249 0041 00       		.byte	0
 250 0042 00       		.byte	0
 251 0043 00       		.byte	0
 252              		.section	.debug_aranges,"",%progbits
 253 0000 1C000000 		.4byte	0x1c
 254 0004 0200     		.2byte	0x2
 255 0006 00000000 		.4byte	.Ldebug_info0
 256 000a 04       		.byte	0x4
 257 000b 00       		.byte	0
 258 000c 0000     		.2byte	0
 259 000e 0000     		.2byte	0
 260 0010 00000000 		.4byte	.LFB35
 261 0014 70000000 		.4byte	.LFE35-.LFB35
 262 0018 00000000 		.4byte	0
 263 001c 00000000 		.4byte	0
 264              		.section	.debug_ranges,"",%progbits
 265              	.Ldebug_ranges0:
 266 0000 00000000 		.4byte	.LFB35
 267 0004 70000000 		.4byte	.LFE35
 268 0008 00000000 		.4byte	0
 269 000c 00000000 		.4byte	0
 270              		.section	.debug_line,"",%progbits
 271              	.Ldebug_line0:
 272 0000 82000000 		.section	.debug_str,"MS",%progbits,1
 272      02001D00 
 272      00000201 
 272      FB0E0D00 
 272      01010101 
 273              	.LASF6:
 274 0000 6C6F6E67 		.ascii	"long long int\000"
 274      206C6F6E 
 274      6720696E 
 274      7400
 275              	.LASF16:
 276 000e 433A5C55 		.ascii	"C:\\Users\\K-Narf\\Documents\\PSoC Creator\\RVAC_Sc"
 276      73657273 
 276      5C4B2D4E 
 276      6172665C 
 276      446F6375 
 277 003c 72617463 		.ascii	"ratch_Work\\RVAC_Experimental_Cade.cydsn\000"
 277      685F576F 
 277      726B5C52 
 277      5641435F 
 277      45787065 
 278              	.LASF15:
 279 0064 6D61696E 		.ascii	"main.c\000"
 279      2E6300
 280              	.LASF17:
 281 006b 6D61696E 		.ascii	"main\000"
 281      00
 282              	.LASF5:
 283 0070 6C6F6E67 		.ascii	"long unsigned int\000"
 283      20756E73 
 283      69676E65 
 283      6420696E 
ARM GAS  C:\Users\K-Narf\AppData\Local\Temp\ccGZyCAI.s 			page 7


 283      7400
 284              	.LASF7:
 285 0082 6C6F6E67 		.ascii	"long long unsigned int\000"
 285      206C6F6E 
 285      6720756E 
 285      7369676E 
 285      65642069 
 286              	.LASF9:
 287 0099 666C6F61 		.ascii	"float\000"
 287      7400
 288              	.LASF1:
 289 009f 756E7369 		.ascii	"unsigned char\000"
 289      676E6564 
 289      20636861 
 289      7200
 290              	.LASF11:
 291 00ad 63686172 		.ascii	"char\000"
 291      00
 292              	.LASF4:
 293 00b2 6C6F6E67 		.ascii	"long int\000"
 293      20696E74 
 293      00
 294              	.LASF10:
 295 00bb 646F7562 		.ascii	"double\000"
 295      6C6500
 296              	.LASF3:
 297 00c2 73686F72 		.ascii	"short unsigned int\000"
 297      7420756E 
 297      7369676E 
 297      65642069 
 297      6E7400
 298              	.LASF0:
 299 00d5 7369676E 		.ascii	"signed char\000"
 299      65642063 
 299      68617200 
 300              	.LASF13:
 301 00e1 6C6F6E67 		.ascii	"long double\000"
 301      20646F75 
 301      626C6500 
 302              	.LASF2:
 303 00ed 73686F72 		.ascii	"short int\000"
 303      7420696E 
 303      7400
 304              	.LASF14:
 305 00f7 474E5520 		.ascii	"GNU C11 5.4.1 20160609 (release) [ARM/embedded-5-br"
 305      43313120 
 305      352E342E 
 305      31203230 
 305      31363036 
 306 012a 616E6368 		.ascii	"anch revision 237715] -mcpu=cortex-m0 -mthumb -g -O"
 306      20726576 
 306      6973696F 
 306      6E203233 
 306      37373135 
 307 015d 30202D66 		.ascii	"0 -ffunction-sections -ffat-lto-objects\000"
 307      66756E63 
 307      74696F6E 
ARM GAS  C:\Users\K-Narf\AppData\Local\Temp\ccGZyCAI.s 			page 8


 307      2D736563 
 307      74696F6E 
 308              	.LASF8:
 309 0185 756E7369 		.ascii	"unsigned int\000"
 309      676E6564 
 309      20696E74 
 309      00
 310              	.LASF12:
 311 0192 73697A65 		.ascii	"sizetype\000"
 311      74797065 
 311      00
 312              		.ident	"GCC: (GNU Tools for ARM Embedded Processors) 5.4.1 20160609 (release) [ARM/embedded-5-bran
